#
# There is insufficient memory for the Java Runtime Environment to continue.
# Native memory allocation (malloc) failed to allocate 1048576 bytes for AllocateHeap
# Possible reasons:
#   The system is out of physical RAM or swap space
#   The process is running with CompressedOops enabled, and the Java Heap may be blocking the growth of the native heap
# Possible solutions:
#   Reduce memory load on the system
#   Increase physical memory or swap space
#   Check if swap backing store is full
#   Decrease Java heap size (-Xmx/-Xms)
#   Decrease number of Java threads
#   Decrease Java thread stack sizes (-Xss)
#   Set larger code cache with -XX:ReservedCodeCacheSize=
#   JVM is running with Unscaled Compressed Oops mode in which the Java heap is
#     placed in the first 4GB address space. The Java Heap base address is the
#     maximum limit for the native heap growth. Please use -XX:HeapBaseMinAddress
#     to set the Java Heap base and to place the Java Heap above 4GB virtual address.
# This output file may be truncated or incomplete.
#
#  Out of Memory Error (allocation.cpp:44), pid=28712, tid=9092
#
# JRE version:  (17.0.2+8) (build )
# Java VM: OpenJDK 64-Bit Server VM (17.0.2+8-LTS, mixed mode, sharing, tiered, compressed oops, compressed class ptrs, g1 gc, windows-amd64)
# No core dump will be written. Minidumps are not enabled by default on client versions of Windows
#

---------------  S U M M A R Y ------------

Command Line: -Dfile.encoding=ISO-8859-1 --module-path=C:\Users\paulo\OneDrive\Documentos\NetBeansProjects\ProjetoA3\build\classes projetoa3.ProjetoA3

Host: Intel(R) Core(TM) i3-8130U CPU @ 2.20GHz, 4 cores, 3G,  Windows 11 , 64 bit Build 22621 (10.0.22621.2506)
Time: Sun Dec  3 11:47:15 2023 Hora oficial do Brasil elapsed time: 0.033925 seconds (0d 0h 0m 0s)

---------------  T H R E A D  ---------------

Current thread (0x000002b5f16656d0):  JavaThread "Unknown thread" [_thread_in_vm, id=9092, stack(0x000000c829600000,0x000000c829700000)]

Stack: [0x000000c829600000,0x000000c829700000]
Native frames: (J=compiled Java code, j=interpreted, Vv=VM code, C=native code)
V  [jvm.dll+0x6455ba]
V  [jvm.dll+0x7f6134]
V  [jvm.dll+0x7f78ee]
V  [jvm.dll+0x7f7f43]
V  [jvm.dll+0x234918]
V  [jvm.dll+0xb7573]
V  [jvm.dll+0x2c4d74]
V  [jvm.dll+0x7c984c]
V  [jvm.dll+0x3529d1]
V  [jvm.dll+0x7a9cae]
V  [jvm.dll+0x3ce2b3]
V  [jvm.dll+0x3cfcf1]
C  [jli.dll+0x51af]
C  [ucrtbase.dll+0x29363]
C  [KERNEL32.DLL+0x1257d]
C  [ntdll.dll+0x5aa58]


---------------  P R O C E S S  ---------------

Threads class SMR info:
_java_thread_list=0x00007ff9897bc6d8, length=0, elements={
}

Java Threads: ( => current thread )

Other Threads:

=>0x000002b5f16656d0 (exited) JavaThread "Unknown thread" [_thread_in_vm, id=9092, stack(0x000000c829600000,0x000000c829700000)]

Threads with active compile tasks:

VM state: not at safepoint (not fully initialized)

VM Mutex/Monitor currently owned by a thread: None

Heap address: 0x0000000000000000, size: 0 MB, Compressed Oops mode: 32-bit

CDS archive(s) mapped at: [0x0000000000000000-0x0000000000000000-0x0000000000000000), size 0, SharedBaseAddress: 0x0000000800000000, ArchiveRelocationMode: 0.
Narrow klass base: 0x0000000000000000, Narrow klass shift: 0, Narrow klass range: 0x0

GC Precious Log:
<Empty>

GC Heap History (0 events):
No events

Deoptimization events (0 events):
No events

Classes unloaded (0 events):
No events

Classes redefined (0 events):
No events

Internal exceptions (0 events):
No events

VM Operations (0 events):
No events

Events (1 events):
Event: 0.022 Loaded shared library C:\Program Files\Amazon Corretto\jdk17.0.2_8\bin\java.dll


Dynamic libraries:
0x00007ff6e99b0000 - 0x00007ff6e99bd000 	C:\Program Files\Amazon Corretto\jdk17.0.2_8\bin\java.exe
0x00007ffa23d10000 - 0x00007ffa23f27000 	C:\WINDOWS\SYSTEM32\ntdll.dll
0x00007ffa22a50000 - 0x00007ffa22b14000 	C:\WINDOWS\System32\KERNEL32.DLL
0x00007ffa21590000 - 0x00007ffa21935000 	C:\WINDOWS\System32\KERNELBASE.dll
0x00007ffa21940000 - 0x00007ffa21a51000 	C:\WINDOWS\System32\ucrtbase.dll
0x00007ffa145b0000 - 0x00007ffa145c5000 	C:\Program Files\Amazon Corretto\jdk17.0.2_8\bin\VCRUNTIME140.dll
0x00007ffa0f0b0000 - 0x00007ffa0f0c8000 	C:\Program Files\Amazon Corretto\jdk17.0.2_8\bin\jli.dll
0x00007ffa21c80000 - 0x00007ffa21e2e000 	C:\WINDOWS\System32\USER32.dll
0x00007ffa21290000 - 0x00007ffa212b6000 	C:\WINDOWS\System32\win32u.dll
0x00007ffa23b50000 - 0x00007ffa23b79000 	C:\WINDOWS\System32\GDI32.dll
0x00007ffa21400000 - 0x00007ffa21519000 	C:\WINDOWS\System32\gdi32full.dll
0x00007ffa21080000 - 0x00007ffa2111a000 	C:\WINDOWS\System32\msvcp_win.dll
0x00007ffa20240000 - 0x00007ffa204d3000 	C:\WINDOWS\WinSxS\amd64_microsoft.windows.common-controls_6595b64144ccf1df_6.0.22621.2506_none_270c5ae97388e100\COMCTL32.dll
0x00007ffa21e80000 - 0x00007ffa21f27000 	C:\WINDOWS\System32\msvcrt.dll
0x00007ffa21e30000 - 0x00007ffa21e61000 	C:\WINDOWS\System32\IMM32.DLL
0x00007ffa09da0000 - 0x00007ffa09e3b000 	C:\Program Files\Amazon Corretto\jdk17.0.2_8\bin\msvcp140.dll
0x00007ff988cd0000 - 0x00007ff9898ea000 	C:\Program Files\Amazon Corretto\jdk17.0.2_8\bin\server\jvm.dll
0x00007ffa234a0000 - 0x00007ffa23551000 	C:\WINDOWS\System32\ADVAPI32.dll
0x00007ffa22650000 - 0x00007ffa226f6000 	C:\WINDOWS\System32\sechost.dll
0x00007ffa239b0000 - 0x00007ffa23ac7000 	C:\WINDOWS\System32\RPCRT4.dll
0x00007ffa23610000 - 0x00007ffa23618000 	C:\WINDOWS\System32\PSAPI.DLL
0x00007ff9f5af0000 - 0x00007ff9f5af9000 	C:\WINDOWS\SYSTEM32\WSOCK32.dll
0x00007ffa23ad0000 - 0x00007ffa23b41000 	C:\WINDOWS\System32\WS2_32.dll
0x00007ffa15ee0000 - 0x00007ffa15f14000 	C:\WINDOWS\SYSTEM32\WINMM.dll
0x00007ffa163a0000 - 0x00007ffa163aa000 	C:\WINDOWS\SYSTEM32\VERSION.dll
0x00007ffa1f7c0000 - 0x00007ffa1f7d8000 	C:\WINDOWS\SYSTEM32\kernel.appcore.dll
0x00007ffa1d5e0000 - 0x00007ffa1d5ea000 	C:\Program Files\Amazon Corretto\jdk17.0.2_8\bin\jimage.dll
0x00007ffa20900000 - 0x00007ffa20b33000 	C:\WINDOWS\SYSTEM32\DBGHELP.DLL
0x00007ffa23620000 - 0x00007ffa239a9000 	C:\WINDOWS\System32\combase.dll
0x00007ffa21fc0000 - 0x00007ffa22097000 	C:\WINDOWS\System32\OLEAUT32.dll
0x00007ffa207c0000 - 0x00007ffa207f2000 	C:\WINDOWS\SYSTEM32\dbgcore.DLL
0x00007ffa21380000 - 0x00007ffa213fa000 	C:\WINDOWS\System32\bcryptPrimitives.dll
0x00007ffa13f90000 - 0x00007ffa13fb5000 	C:\Program Files\Amazon Corretto\jdk17.0.2_8\bin\java.dll

dbghelp: loaded successfully - version: 4.0.5 - missing functions: none
symbol engine: initialized successfully - sym options: 0x614 - pdb path: .;C:\Program Files\Amazon Corretto\jdk17.0.2_8\bin;C:\WINDOWS\SYSTEM32;C:\WINDOWS\WinSxS\amd64_microsoft.windows.common-controls_6595b64144ccf1df_6.0.22621.2506_none_270c5ae97388e100;C:\Program Files\Amazon Corretto\jdk17.0.2_8\bin\server

VM Arguments:
jvm_args: -Dfile.encoding=ISO-8859-1 --module-path=C:\Users\paulo\OneDrive\Documentos\NetBeansProjects\ProjetoA3\build\classes 
java_command: projetoa3.ProjetoA3
java_class_path (initial): C:\Users\paulo\OneDrive\Documentos\NetBeansProjects\ProjetoA3\slf4j-api-1.7.36.jar;C:\Users\paulo\OneDrive\Documentos\NetBeansProjects\ProjetoA3\slf4j-simple-1.7.25.jar;C:\Users\paulo\OneDrive\Documentos\NetBeansProjects\ProjetoA3\sqlite-jdbc-3.44.0.0.jar;C:\Users\paulo\OneDrive\Documentos\NetBeansProjects\ProjetoA3\build\classes
Launcher Type: SUN_STANDARD

[Global flags]
     intx CICompilerCount                          = 3                                         {product} {ergonomic}
     uint ConcGCThreads                            = 1                                         {product} {ergonomic}
     uint G1ConcRefinementThreads                  = 4                                         {product} {ergonomic}
   size_t G1HeapRegionSize                         = 1048576                                   {product} {ergonomic}
    uintx GCDrainStackTargetSize                   = 64                                        {product} {ergonomic}
   size_t InitialHeapSize                          = 67108864                                  {product} {ergonomic}
   size_t MarkStackSize                            = 4194304                                   {product} {ergonomic}
   size_t MaxHeapSize                              = 1048576000                                {product} {ergonomic}
   size_t MinHeapDeltaBytes                        = 1048576                                   {product} {ergonomic}
   size_t MinHeapSize                              = 8388608                                   {product} {ergonomic}
    uintx NonNMethodCodeHeapSize                   = 5832780                                {pd product} {ergonomic}
    uintx NonProfiledCodeHeapSize                  = 122912730                              {pd product} {ergonomic}
    uintx ProfiledCodeHeapSize                     = 122912730                              {pd product} {ergonomic}
    uintx ReservedCodeCacheSize                    = 251658240                              {pd product} {ergonomic}
     bool SegmentedCodeCache                       = true                                      {product} {ergonomic}
   size_t SoftMaxHeapSize                          = 1048576000                             {manageable} {ergonomic}
     bool UseCompressedClassPointers               = true                           {product lp64_product} {ergonomic}
     bool UseCompressedOops                        = true                           {product lp64_product} {ergonomic}
     bool UseG1GC                                  = true                                      {product} {ergonomic}
     bool UseLargePagesIndividualAllocation        = false                                  {pd product} {ergonomic}

Logging:
Log output configuration:
 #0: stdout all=warning uptime,level,tags
 #1: stderr all=off uptime,level,tags

Environment Variables:
JAVA_HOME=C:\Program Files\Amazon Corretto\jdk17.0.2_8
PATH=C:\Program Files\Amazon Corretto\jdk17.0.2_8\bin;C:\WINDOWS\system32;C:\WINDOWS;C:\WINDOWS\System32\Wbem;C:\WINDOWS\System32\WindowsPowerShell\v1.0\;C:\WINDOWS\System32\OpenSSH\;C:\Program Files (x86)\Intel\Intel(R) Management Engine Components\DAL;C:\Program Files\Intel\Intel(R) Management Engine Components\DAL;C:\Program Files\Microsoft SQL Server\Client SDK\ODBC\110\Tools\Binn\;C:\Program Files (x86)\Microsoft SQL Server\120\Tools\Binn\;C:\Program Files\Microsoft SQL Server\120\Tools\Binn\;C:\Program Files\Microsoft SQL Server\120\DTS\Binn\;C:\Program Files (x86)\Windows Kits\8.1\Windows Performance Toolkit\;C:\Program Files (x86)\Microchip\MPLAB C32 Suite\bin;C:\Program Files\dotnet\;C:\Program Files\nodejs\;C:\Users\paulo\AppData\Local\Microsoft\WindowsApps;;C:\Users\paulo\AppData\Local\Programs\Microsoft VS Code\bin;C:\Users\paulo\AppData\Roaming\npm
USERNAME=paulo
OS=Windows_NT
PROCESSOR_IDENTIFIER=Intel64 Family 6 Model 142 Stepping 10, GenuineIntel



---------------  S Y S T E M  ---------------

OS:
 Windows 11 , 64 bit Build 22621 (10.0.22621.2506)
OS uptime: 4 days 15:04 hours

CPU: total 4 (initial active 4) (2 cores per cpu, 2 threads per core) family 6 model 142 stepping 10 microcode 0xf4, cx8, cmov, fxsr, ht, mmx, 3dnowpref, sse, sse2, sse3, ssse3, sse4.1, sse4.2, popcnt, lzcnt, tsc, tscinvbit, avx, avx2, aes, erms, clmul, bmi1, bmi2, adx, fma, vzeroupper, clflush, clflushopt

Memory: 4k page, system-wide physical 3996M (301M free)
TotalPageFile size 8326M (AvailPageFile size 9M)
current process WorkingSet (physical memory assigned to process): 10M, peak: 10M
current process commit charge ("private bytes"): 11M, peak: 12M

vm_info: OpenJDK 64-Bit Server VM (17.0.2+8-LTS) for windows-amd64 JRE (17.0.2+8-LTS), built on Jan 17 2022 05:07:39 by "Administrator" with MS VC++ 15.9 (VS2017)

END.
