#
# A fatal error has been detected by the Java Runtime Environment:
#
#  EXCEPTION_ACCESS_VIOLATION (0xc0000005) at pc=0x00007ffa1d5e1be5, pid=16864, tid=23140
#
# JRE version:  (17.0.2+8) (build )
# Java VM: OpenJDK 64-Bit Server VM (17.0.2+8-LTS, mixed mode, sharing, tiered, unknown gc, windows-amd64)
# Problematic frame:
# C  [jimage.dll+0x1be5]
#
# No core dump will be written. Minidumps are not enabled by default on client versions of Windows
#
#

---------------  S U M M A R Y ------------

Command Line: 

Host: Intel(R) Core(TM) i3-8130U CPU @ 2.20GHz, 4 cores, 3G,  Windows 11 , 64 bit Build 22621 (10.0.22621.2506)
Time: Sun Dec  3 11:47:27 2023 Hora oficial do Brasil elapsed time: 0.049995 seconds (0d 0h 0m 0s)

---------------  T H R E A D  ---------------

Current thread is native thread

Stack: [0x000000b44ba00000,0x000000b44bb00000],  sp=0x000000b44bafd260,  free space=1012k
Native frames: (J=compiled Java code, j=interpreted, Vv=VM code, C=native code)
C  [jimage.dll+0x1be5]
C  [jimage.dll+0x1d73]
C  [jimage.dll+0x2651]
V  [jvm.dll+0x1e3a2a]
V  [jvm.dll+0xc124e]
V  [jvm.dll+0x7a982c]
V  [jvm.dll+0x3ce2b3]
V  [jvm.dll+0x3cfcf1]
C  [jli.dll+0x51af]
C  [ucrtbase.dll+0x29363]
C  [KERNEL32.DLL+0x1257d]
C  [ntdll.dll+0x5aa58]


siginfo: EXCEPTION_ACCESS_VIOLATION (0xc0000005), reading address 0x00000000000117ec


Registers:
RAX=0x00000000000045f4, RBX=0x000000b44bafd351, RCX=0x00007ffa1d5e6000, RDX=0x00000000000045f4
RSP=0x000000b44bafd260, RBP=0x000000b44bafd350, RSI=0x00000000000072e6, RDI=0x000000b44bafd350
R8 =0x00007ffa1d5e4278, R9 =0x000000000000001c, R10=0x00007ff9895c8300, R11=0x00007ffa1d5e6000
R12=0x0000000000000000, R13=0x000001c0489b43a0, R14=0x000000b44bafe3c0, R15=0x00007ff9895c8330
RIP=0x00007ffa1d5e1be5, EFLAGS=0x0000000000010246

Top of Stack: (sp=0x000000b44bafd260)
0x000000b44bafd260:   000001c0489a0150 000000004c00014d
0x000000b44bafd270:   000001c048790b80 000001c04aa60000
0x000000b44bafd280:   000001c0489c4eb0 00007ffa1d5e1d73
0x000000b44bafd290:   000000000000000b 000001c0489c4eb0
0x000000b44bafd2a0:   00000000000006f5 00000000000006f5
0x000000b44bafd2b0:   00000000000006f5 00007ffa23d5423a
0x000000b44bafd2c0:   000001c0489a3680 000001c05a00045e
0x000000b44bafd2d0:   000001c0489a0000 00007ffa000003ff
0x000000b44bafd2e0:   00000000000006f5 000001c04aa60080
0x000000b44bafd2f0:   0000c8fb708995a8 000001c0489a0150
0x000000b44bafd300:   00007ff9895a5840 0000000000000017
0x000000b44bafd310:   000001c0489c4eb0 000000b44bafe3c0
0x000000b44bafd320:   000000000000000b 00007ffa1d5e2651
0x000000b44bafd330:   000001c0489a0000 00007ffa5a00045e
0x000000b44bafd340:   0000000000000600 000001c04aa66fd0
0x000000b44bafd350:   61622e6176616a2f 692f6b646a2f6573 

Instructions: (pc=0x00007ffa1d5e1be5)
0x00007ffa1d5e1ae5:   48 85 c9 74 1d 80 3d 1f 45 00 00 00 74 06 48 8b
0x00007ffa1d5e1af5:   53 18 eb 04 48 8b 53 40 e8 ae 0e 00 00 48 83 63
0x00007ffa1d5e1b05:   48 00 8b 4b 0c 83 f9 ff 74 09 e8 e4 0c 00 00 83
0x00007ffa1d5e1b15:   4b 0c ff 48 8b 4b 70 48 85 c9 74 0f ba 10 00 00
0x00007ffa1d5e1b25:   00 e8 fd 0e 00 00 48 83 63 70 00 48 83 c4 20 5b
0x00007ffa1d5e1b35:   c3 cc cc 40 53 48 83 ec 20 48 8b d9 48 8d 0d d8
0x00007ffa1d5e1b45:   46 00 00 e8 b3 0c 00 00 83 6b 08 01 75 24 48 8b
0x00007ffa1d5e1b55:   d3 48 8d 0d bb 44 00 00 e8 22 08 00 00 48 8b cb
0x00007ffa1d5e1b65:   e8 de fe ff ff ba 78 00 00 00 48 8b cb e8 b1 0e
0x00007ffa1d5e1b75:   00 00 48 8d 0d a2 46 00 00 48 83 c4 20 5b e9 80
0x00007ffa1d5e1b85:   0c 00 00 48 89 5c 24 08 48 89 74 24 10 57 48 83
0x00007ffa1d5e1b95:   ec 20 41 8b f1 4d 8b c8 48 8b fa 4c 8b d9 4d 85
0x00007ffa1d5e1ba5:   c0 74 78 85 f6 74 74 44 8a 12 48 8d 5a 01 48 8b
0x00007ffa1d5e1bb5:   d3 b8 93 01 00 01 eb 12 69 c0 93 01 00 01 41 0f
0x00007ffa1d5e1bc5:   b6 ca 44 8a 12 33 c1 48 ff c2 45 84 d2 75 e9 4d
0x00007ffa1d5e1bd5:   8b 03 0f ba f0 1f 33 d2 49 8b cb f7 f6 48 63 c2
0x00007ffa1d5e1be5:   41 8b 14 81 41 ff 50 08 85 c0 7e 24 8a 0f eb 10
0x00007ffa1d5e1bf5:   69 c0 93 01 00 01 0f b6 c9 33 c1 8a 0b 48 ff c3
0x00007ffa1d5e1c05:   84 c9 75 ec 0f ba f0 1f 33 d2 f7 f6 8b c2 eb 0e
0x00007ffa1d5e1c15:   79 09 83 c9 ff 2b c8 8b c1 eb 03 83 c8 ff 48 8b
0x00007ffa1d5e1c25:   5c 24 30 48 8b 74 24 38 48 83 c4 20 5f c3 cc 48
0x00007ffa1d5e1c35:   89 5c 24 08 48 89 74 24 10 57 48 83 ec 20 48 8b
0x00007ffa1d5e1c45:   f1 48 8d 0d d3 45 00 00 e8 ae 0b 00 00 33 ff 39
0x00007ffa1d5e1c55:   3d be 43 00 00 76 24 48 8b 05 bd 43 00 00 48 8b
0x00007ffa1d5e1c65:   d6 48 8b 1c f8 48 8b 0b e8 be 1e 00 00 85 c0 74
0x00007ffa1d5e1c75:   2b ff c7 3b 3d 9a 43 00 00 72 dc 33 db 48 8d 0d
0x00007ffa1d5e1c85:   97 45 00 00 e8 7a 0b 00 00 48 8b 74 24 38 48 8b
0x00007ffa1d5e1c95:   c3 48 8b 5c 24 30 48 83 c4 20 5f c3 ff 43 08 eb
0x00007ffa1d5e1ca5:   dc cc cc 48 89 5c 24 08 48 89 74 24 10 57 48 83
0x00007ffa1d5e1cb5:   ec 20 48 8b d9 48 8b f2 48 8b 49 10 49 8b f8 8b
0x00007ffa1d5e1cc5:   53 30 48 8b 01 ff 50 20 4c 8b 43 50 48 8b d6 48
0x00007ffa1d5e1cd5:   8b 4b 10 44 8b c8 e8 a8 fe ff ff 83 f8 ff 74 38 



---------------  P R O C E S S  ---------------

VM state: not at safepoint (not fully initialized)

VM Mutex/Monitor currently owned by a thread: None

GC Precious Log:
<Not initialized>


Dynamic libraries:
0x00007ff737860000 - 0x00007ff73786d000 	C:\Program Files\Amazon Corretto\jdk17.0.2_8\bin\java.exe
0x00007ffa23d10000 - 0x00007ffa23f27000 	C:\WINDOWS\SYSTEM32\ntdll.dll
0x00007ffa22a50000 - 0x00007ffa22b14000 	C:\WINDOWS\System32\KERNEL32.DLL
0x00007ffa21590000 - 0x00007ffa21935000 	C:\WINDOWS\System32\KERNELBASE.dll
0x00007ffa21940000 - 0x00007ffa21a51000 	C:\WINDOWS\System32\ucrtbase.dll
0x00007ffa0f0b0000 - 0x00007ffa0f0c8000 	C:\Program Files\Amazon Corretto\jdk17.0.2_8\bin\jli.dll
0x00007ffa145b0000 - 0x00007ffa145c5000 	C:\Program Files\Amazon Corretto\jdk17.0.2_8\bin\VCRUNTIME140.dll
0x00007ffa21c80000 - 0x00007ffa21e2e000 	C:\WINDOWS\System32\USER32.dll
0x00007ffa21290000 - 0x00007ffa212b6000 	C:\WINDOWS\System32\win32u.dll
0x00007ffa23b50000 - 0x00007ffa23b79000 	C:\WINDOWS\System32\GDI32.dll
0x00007ffa21400000 - 0x00007ffa21519000 	C:\WINDOWS\System32\gdi32full.dll
0x00007ffa21080000 - 0x00007ffa2111a000 	C:\WINDOWS\System32\msvcp_win.dll
0x00007ffa20240000 - 0x00007ffa204d3000 	C:\WINDOWS\WinSxS\amd64_microsoft.windows.common-controls_6595b64144ccf1df_6.0.22621.2506_none_270c5ae97388e100\COMCTL32.dll
0x00007ffa21e80000 - 0x00007ffa21f27000 	C:\WINDOWS\System32\msvcrt.dll
0x00007ffa21e30000 - 0x00007ffa21e61000 	C:\WINDOWS\System32\IMM32.DLL
0x00007ffa09da0000 - 0x00007ffa09e3b000 	C:\Program Files\Amazon Corretto\jdk17.0.2_8\bin\msvcp140.dll
0x00007ff988cd0000 - 0x00007ff9898ea000 	C:\Program Files\Amazon Corretto\jdk17.0.2_8\bin\server\jvm.dll
0x00007ffa234a0000 - 0x00007ffa23551000 	C:\WINDOWS\System32\ADVAPI32.dll
0x00007ffa22650000 - 0x00007ffa226f6000 	C:\WINDOWS\System32\sechost.dll
0x00007ffa239b0000 - 0x00007ffa23ac7000 	C:\WINDOWS\System32\RPCRT4.dll
0x00007ffa23610000 - 0x00007ffa23618000 	C:\WINDOWS\System32\PSAPI.DLL
0x00007ff9f5af0000 - 0x00007ff9f5af9000 	C:\WINDOWS\SYSTEM32\WSOCK32.dll
0x00007ffa23ad0000 - 0x00007ffa23b41000 	C:\WINDOWS\System32\WS2_32.dll
0x00007ffa15ee0000 - 0x00007ffa15f14000 	C:\WINDOWS\SYSTEM32\WINMM.dll
0x00007ffa163a0000 - 0x00007ffa163aa000 	C:\WINDOWS\SYSTEM32\VERSION.dll
0x00007ffa1f7c0000 - 0x00007ffa1f7d8000 	C:\WINDOWS\SYSTEM32\kernel.appcore.dll
0x00007ffa1d5e0000 - 0x00007ffa1d5ea000 	C:\Program Files\Amazon Corretto\jdk17.0.2_8\bin\jimage.dll
0x00007ffa20900000 - 0x00007ffa20b33000 	C:\WINDOWS\SYSTEM32\DBGHELP.DLL
0x00007ffa23620000 - 0x00007ffa239a9000 	C:\WINDOWS\System32\combase.dll
0x00007ffa21fc0000 - 0x00007ffa22097000 	C:\WINDOWS\System32\OLEAUT32.dll
0x00007ffa207c0000 - 0x00007ffa207f2000 	C:\WINDOWS\SYSTEM32\dbgcore.DLL
0x00007ffa21380000 - 0x00007ffa213fa000 	C:\WINDOWS\System32\bcryptPrimitives.dll

dbghelp: loaded successfully - version: 4.0.5 - missing functions: none
symbol engine: initialized successfully - sym options: 0x614 - pdb path: .;C:\Program Files\Amazon Corretto\jdk17.0.2_8\bin;C:\WINDOWS\SYSTEM32;C:\WINDOWS\WinSxS\amd64_microsoft.windows.common-controls_6595b64144ccf1df_6.0.22621.2506_none_270c5ae97388e100;C:\Program Files\Amazon Corretto\jdk17.0.2_8\bin\server

VM Arguments:
java_command: <unknown>
java_class_path (initial): <not set>
Launcher Type: SUN_STANDARD

[Global flags]
     bool UseLargePagesIndividualAllocation        = false                                  {pd product} {ergonomic}

Logging:
Log output configuration:
 #0: stdout all=warning uptime,level,tags
 #1: stderr all=off uptime,level,tags

Environment Variables:
JAVA_HOME=C:\Program Files\Amazon Corretto\jdk17.0.2_8
PATH=C:\Program Files\Amazon Corretto\jdk17.0.2_8\bin;C:\WINDOWS\system32;C:\WINDOWS;C:\WINDOWS\System32\Wbem;C:\WINDOWS\System32\WindowsPowerShell\v1.0\;C:\WINDOWS\System32\OpenSSH\;C:\Program Files (x86)\Intel\Intel(R) Management Engine Components\DAL;C:\Program Files\Intel\Intel(R) Management Engine Components\DAL;C:\Program Files\Microsoft SQL Server\Client SDK\ODBC\110\Tools\Binn\;C:\Program Files (x86)\Microsoft SQL Server\120\Tools\Binn\;C:\Program Files\Microsoft SQL Server\120\Tools\Binn\;C:\Program Files\Microsoft SQL Server\120\DTS\Binn\;C:\Program Files (x86)\Windows Kits\8.1\Windows Performance Toolkit\;C:\Program Files (x86)\Microchip\MPLAB C32 Suite\bin;C:\Program Files\dotnet\;C:\Program Files\nodejs\;C:\Users\paulo\AppData\Local\Microsoft\WindowsApps;;C:\Users\paulo\AppData\Local\Programs\Microsoft VS Code\bin;C:\Users\paulo\AppData\Roaming\npm
USERNAME=paulo
OS=Windows_NT
PROCESSOR_IDENTIFIER=Intel64 Family 6 Model 142 Stepping 10, GenuineIntel



---------------  S Y S T E M  ---------------

OS:
 Windows 11 , 64 bit Build 22621 (10.0.22621.2506)
OS uptime: 4 days 15:04 hours

CPU: total 4 (initial active 0) 

Memory: 4k page, system-wide physical 3996M (284M free)
TotalPageFile size 8326M (AvailPageFile size 2M)
current process WorkingSet (physical memory assigned to process): 8M, peak: 8M
current process commit charge ("private bytes"): 3M, peak: 3M

vm_info: OpenJDK 64-Bit Server VM (17.0.2+8-LTS) for windows-amd64 JRE (17.0.2+8-LTS), built on Jan 17 2022 05:07:39 by "Administrator" with MS VC++ 15.9 (VS2017)

END.
